2024-01-27 19:58:15 @__main__.py               [DEBUG ] Namespace(verbose=True, config_folder='tests/config', name=None, output_folder='C:\\Users\\cedricd\\Documents\\GitHub\\pyTravHarv\\output', target_store='tests/input/project.ttl')
2024-01-27 19:58:15 @TravHarvConfigBuilder.py  [DEBUG ] Config builder initialized
2024-01-27 19:58:15 @TargetStore.py            [DEBUG ] MemoryTargetStore: tests/input/project.ttl
2024-01-27 19:58:15 @TargetStore.py            [DEBUG ] Path to triple store file: C:\Users\cedricd\Documents\GitHub\pyTravHarv\tests/input/project.ttl
2024-01-27 19:58:15 @TargetStore.py            [DEBUG ] Parsing triple store file
2024-01-27 19:58:15 @TargetStore.py            [DEBUG ] MemoryTargetStore: [a rdfg:Graph;rdflib:storage [a rdflib:Store;rdfs:label 'Memory']].
2024-01-27 19:58:15 @TravHarvConfigBuilder.py  [ERROR ] Required field snooze-till-graph-age-minutes not found in C:\Users\cedricd\Documents\GitHub\pyTravHarv\tests\config\bad_config.yml
2024-01-27 19:58:15 @TravHarvConfigBuilder.py  [INFO  ] Config object: {'C:\\Users\\cedricd\\Documents\\GitHub\\pyTravHarv\\tests\\config\\base_test.yml': {'prefix_set': <TravHarvConfigBuilder.PrefixSet object at 0x0000026E0B45FC10>, 'tasks': [<TravHarvConfigBuilder.TravHarvTask object at 0x0000026E0DC77D50>, <TravHarvConfigBuilder.TravHarvTask object at 0x0000026E0DC8FF50>]}}
2024-01-27 19:58:15 @__main__.py               [INFO  ] Config object: {'C:\\Users\\cedricd\\Documents\\GitHub\\pyTravHarv\\tests\\config\\base_test.yml': {'prefix_set': <TravHarvConfigBuilder.PrefixSet object at 0x0000026E0B45FC10>, 'tasks': [<TravHarvConfigBuilder.TravHarvTask object at 0x0000026E0DC77D50>, <TravHarvConfigBuilder.TravHarvTask object at 0x0000026E0DC8FF50>]}}
2024-01-27 19:58:15 @__main__.py               [INFO  ] Config file: C:\Users\cedricd\Documents\GitHub\pyTravHarv\tests\config\base_test.yml
2024-01-27 19:58:15 @__main__.py               [INFO  ] Config: {'prefix_set': <TravHarvConfigBuilder.PrefixSet object at 0x0000026E0B45FC10>, 'tasks': [<TravHarvConfigBuilder.TravHarvTask object at 0x0000026E0DC77D50>, <TravHarvConfigBuilder.TravHarvTask object at 0x0000026E0DC8FF50>]}
2024-01-27 19:58:15 @TravHarvExecuter.py       [DEBUG ] TravHarvExecutor initialized
2024-01-27 19:58:15 @TravHarvExecuter.py       [DEBUG ] Config filename: C:\Users\cedricd\Documents\GitHub\pyTravHarv\tests\config\base_test.yml
2024-01-27 19:58:15 @TravHarvExecuter.py       [DEBUG ] Prefix set: <TravHarvConfigBuilder.PrefixSet object at 0x0000026E0B45FC10>
2024-01-27 19:58:15 @TravHarvExecuter.py       [DEBUG ] Tasks: [<TravHarvConfigBuilder.TravHarvTask object at 0x0000026E0DC77D50>, <TravHarvConfigBuilder.TravHarvTask object at 0x0000026E0DC8FF50>]
2024-01-27 19:58:15 @TravHarvExecuter.py       [DEBUG ] Asserting all paths for all subjects given for each task per config
2024-01-27 19:58:15 @TravHarvExecuter.py       [DEBUG ] Task: <TravHarvConfigBuilder.TravHarvTask object at 0x0000026E0DC77D50>
2024-01-27 19:58:15 @TravHarvExecuter.py       [DEBUG ] Info task: {'subject_definition': <TravHarvConfigBuilder.SubjectDefinition object at 0x0000026E0DC53ED0>, 'assert_path_set': <TravHarvConfigBuilder.AssertPathSet object at 0x0000026E0DC77ED0>}
2024-01-27 19:58:15 @TravHarvExecuter.py       [DEBUG ] Defining subjects to assert paths for
2024-01-27 19:58:15 @TravHarvExecuter.py       [DEBUG ] LiteralSubjectDefinition
2024-01-27 19:58:15 @TravHarvExecuter.py       [DEBUG ] Subject: http://marineregions.org/mrgid/63523
2024-01-27 19:58:15 @SubjPropPathAssetion.py   [DEBUG ] Asserting a property path for a given subject
2024-01-27 19:58:15 @SubjPropPathAssetion.py   [DEBUG ] Subject: http://marineregions.org/mrgid/63523
2024-01-27 19:58:15 @SubjPropPathAssetion.py   [DEBUG ] Asserting a property path for a given subject at a given depth
2024-01-27 19:58:15 @SubjPropPathAssetion.py   [DEBUG ] Depth: 0
2024-01-27 19:58:15 @SubjPropPathAssetion.py   [DEBUG ] assertion_path: 
2024-01-27 19:58:15 @SubjPropPathAssetion.py   [DEBUG ] Increasing the depth of the property path assertion
2024-01-27 19:58:15 @SubjPropPathAssetion.py   [DEBUG ] Asserting a property path for a given subject at a given depth
2024-01-27 19:58:15 @SubjPropPathAssetion.py   [DEBUG ] Depth: 1
2024-01-27 19:58:15 @SubjPropPathAssetion.py   [DEBUG ] assertion_path: mr:hasGeometry
2024-01-27 19:58:15 @SubjPropPathAssetion.py   [DEBUG ] Increasing the depth of the property path assertion
2024-01-27 19:58:15 @SubjPropPathAssetion.py   [DEBUG ] Harvesting the property path and backtracking to the previous depth
2024-01-27 19:58:15 @SubjPropPathAssetion.py   [DEBUG ] Asserting a property path for a given subject
2024-01-27 19:58:15 @SubjPropPathAssetion.py   [DEBUG ] Subject: http://marineregions.org/mrgid/63523
2024-01-27 19:58:15 @SubjPropPathAssetion.py   [DEBUG ] Asserting a property path for a given subject at a given depth
2024-01-27 19:58:15 @SubjPropPathAssetion.py   [DEBUG ] Depth: 0
2024-01-27 19:58:15 @SubjPropPathAssetion.py   [DEBUG ] assertion_path: 
2024-01-27 19:58:15 @SubjPropPathAssetion.py   [DEBUG ] Increasing the depth of the property path assertion
2024-01-27 19:58:15 @SubjPropPathAssetion.py   [DEBUG ] Asserting a property path for a given subject at a given depth
2024-01-27 19:58:15 @SubjPropPathAssetion.py   [DEBUG ] Depth: 1
2024-01-27 19:58:15 @SubjPropPathAssetion.py   [DEBUG ] assertion_path: mr:isPartOf
2024-01-27 19:58:15 @SubjPropPathAssetion.py   [DEBUG ] Increasing the depth of the property path assertion
2024-01-27 19:58:15 @SubjPropPathAssetion.py   [DEBUG ] Harvesting the property path and backtracking to the previous depth
2024-01-27 19:58:15 @SubjPropPathAssetion.py   [DEBUG ] Asserting a property path for a given subject
2024-01-27 19:58:15 @SubjPropPathAssetion.py   [DEBUG ] Subject: http://marineregions.org/mrgid/63523
2024-01-27 19:58:15 @SubjPropPathAssetion.py   [DEBUG ] Asserting a property path for a given subject at a given depth
2024-01-27 19:58:15 @SubjPropPathAssetion.py   [DEBUG ] Depth: 0
2024-01-27 19:58:15 @SubjPropPathAssetion.py   [DEBUG ] assertion_path: 
2024-01-27 19:58:15 @SubjPropPathAssetion.py   [DEBUG ] Increasing the depth of the property path assertion
2024-01-27 19:58:15 @SubjPropPathAssetion.py   [DEBUG ] Asserting a property path for a given subject at a given depth
2024-01-27 19:58:15 @SubjPropPathAssetion.py   [DEBUG ] Depth: 1
2024-01-27 19:58:15 @SubjPropPathAssetion.py   [DEBUG ] assertion_path: mr:isPartOf
2024-01-27 19:58:15 @SubjPropPathAssetion.py   [DEBUG ] Increasing the depth of the property path assertion
2024-01-27 19:58:15 @SubjPropPathAssetion.py   [DEBUG ] Asserting a property path for a given subject at a given depth
2024-01-27 19:58:15 @SubjPropPathAssetion.py   [DEBUG ] Depth: 2
2024-01-27 19:58:15 @SubjPropPathAssetion.py   [DEBUG ] assertion_path: mr:isPartOf/<https://schema.org/geo>
2024-01-27 19:58:15 @SubjPropPathAssetion.py   [DEBUG ] Increasing the depth of the property path assertion
2024-01-27 19:58:15 @SubjPropPathAssetion.py   [DEBUG ] Asserting a property path for a given subject at a given depth
2024-01-27 19:58:15 @SubjPropPathAssetion.py   [DEBUG ] Depth: 3
2024-01-27 19:58:15 @SubjPropPathAssetion.py   [DEBUG ] assertion_path: mr:isPartOf/<https://schema.org/geo>/<https://schema.org/latitude>
2024-01-27 19:58:15 @SubjPropPathAssetion.py   [DEBUG ] Increasing the depth of the property path assertion
2024-01-27 19:58:15 @SubjPropPathAssetion.py   [DEBUG ] Harvesting the property path and backtracking to the previous depth
2024-01-27 19:58:15 @TravHarvExecuter.py       [DEBUG ] Subject: http://marineregions.org/mrgid/2540
2024-01-27 19:58:15 @SubjPropPathAssetion.py   [DEBUG ] Asserting a property path for a given subject
2024-01-27 19:58:15 @SubjPropPathAssetion.py   [DEBUG ] Subject: http://marineregions.org/mrgid/2540
2024-01-27 19:58:15 @SubjPropPathAssetion.py   [DEBUG ] Asserting a property path for a given subject at a given depth
2024-01-27 19:58:15 @SubjPropPathAssetion.py   [DEBUG ] Depth: 0
2024-01-27 19:58:15 @SubjPropPathAssetion.py   [DEBUG ] assertion_path: 
2024-01-27 19:58:15 @SubjPropPathAssetion.py   [DEBUG ] Increasing the depth of the property path assertion
2024-01-27 19:58:15 @SubjPropPathAssetion.py   [DEBUG ] Asserting a property path for a given subject at a given depth
2024-01-27 19:58:15 @SubjPropPathAssetion.py   [DEBUG ] Depth: 1
2024-01-27 19:58:15 @SubjPropPathAssetion.py   [DEBUG ] assertion_path: mr:hasGeometry
2024-01-27 19:58:15 @SubjPropPathAssetion.py   [DEBUG ] Increasing the depth of the property path assertion
2024-01-27 19:58:15 @SubjPropPathAssetion.py   [DEBUG ] Harvesting the property path and backtracking to the previous depth
2024-01-27 19:58:15 @SubjPropPathAssetion.py   [DEBUG ] Asserting a property path for a given subject
2024-01-27 19:58:15 @SubjPropPathAssetion.py   [DEBUG ] Subject: http://marineregions.org/mrgid/2540
2024-01-27 19:58:15 @SubjPropPathAssetion.py   [DEBUG ] Asserting a property path for a given subject at a given depth
2024-01-27 19:58:15 @SubjPropPathAssetion.py   [DEBUG ] Depth: 0
2024-01-27 19:58:15 @SubjPropPathAssetion.py   [DEBUG ] assertion_path: 
2024-01-27 19:58:15 @SubjPropPathAssetion.py   [DEBUG ] Increasing the depth of the property path assertion
2024-01-27 19:58:15 @SubjPropPathAssetion.py   [DEBUG ] Asserting a property path for a given subject at a given depth
2024-01-27 19:58:15 @SubjPropPathAssetion.py   [DEBUG ] Depth: 1
2024-01-27 19:58:15 @SubjPropPathAssetion.py   [DEBUG ] assertion_path: mr:isPartOf
2024-01-27 19:58:15 @SubjPropPathAssetion.py   [DEBUG ] Increasing the depth of the property path assertion
2024-01-27 19:58:15 @SubjPropPathAssetion.py   [DEBUG ] Harvesting the property path and backtracking to the previous depth
2024-01-27 19:58:15 @SubjPropPathAssetion.py   [DEBUG ] Asserting a property path for a given subject
2024-01-27 19:58:15 @SubjPropPathAssetion.py   [DEBUG ] Subject: http://marineregions.org/mrgid/2540
2024-01-27 19:58:15 @SubjPropPathAssetion.py   [DEBUG ] Asserting a property path for a given subject at a given depth
2024-01-27 19:58:15 @SubjPropPathAssetion.py   [DEBUG ] Depth: 0
2024-01-27 19:58:15 @SubjPropPathAssetion.py   [DEBUG ] assertion_path: 
2024-01-27 19:58:15 @SubjPropPathAssetion.py   [DEBUG ] Increasing the depth of the property path assertion
2024-01-27 19:58:15 @SubjPropPathAssetion.py   [DEBUG ] Asserting a property path for a given subject at a given depth
2024-01-27 19:58:15 @SubjPropPathAssetion.py   [DEBUG ] Depth: 1
2024-01-27 19:58:15 @SubjPropPathAssetion.py   [DEBUG ] assertion_path: mr:isPartOf
2024-01-27 19:58:15 @SubjPropPathAssetion.py   [DEBUG ] Increasing the depth of the property path assertion
2024-01-27 19:58:15 @SubjPropPathAssetion.py   [DEBUG ] Asserting a property path for a given subject at a given depth
2024-01-27 19:58:15 @SubjPropPathAssetion.py   [DEBUG ] Depth: 2
2024-01-27 19:58:15 @SubjPropPathAssetion.py   [DEBUG ] assertion_path: mr:isPartOf/<https://schema.org/geo>
2024-01-27 19:58:15 @SubjPropPathAssetion.py   [DEBUG ] Increasing the depth of the property path assertion
2024-01-27 19:58:15 @SubjPropPathAssetion.py   [DEBUG ] Asserting a property path for a given subject at a given depth
2024-01-27 19:58:15 @SubjPropPathAssetion.py   [DEBUG ] Depth: 3
2024-01-27 19:58:15 @SubjPropPathAssetion.py   [DEBUG ] assertion_path: mr:isPartOf/<https://schema.org/geo>/<https://schema.org/latitude>
2024-01-27 19:58:15 @SubjPropPathAssetion.py   [DEBUG ] Increasing the depth of the property path assertion
2024-01-27 19:58:15 @SubjPropPathAssetion.py   [DEBUG ] Harvesting the property path and backtracking to the previous depth
2024-01-27 19:58:15 @TravHarvExecuter.py       [DEBUG ] Subject: http://marineregions.org/mrgid/12548
2024-01-27 19:58:15 @SubjPropPathAssetion.py   [DEBUG ] Asserting a property path for a given subject
2024-01-27 19:58:15 @SubjPropPathAssetion.py   [DEBUG ] Subject: http://marineregions.org/mrgid/12548
2024-01-27 19:58:15 @SubjPropPathAssetion.py   [DEBUG ] Asserting a property path for a given subject at a given depth
2024-01-27 19:58:15 @SubjPropPathAssetion.py   [DEBUG ] Depth: 0
2024-01-27 19:58:15 @SubjPropPathAssetion.py   [DEBUG ] assertion_path: 
2024-01-27 19:58:15 @SubjPropPathAssetion.py   [DEBUG ] Increasing the depth of the property path assertion
2024-01-27 19:58:15 @SubjPropPathAssetion.py   [DEBUG ] Asserting a property path for a given subject at a given depth
2024-01-27 19:58:15 @SubjPropPathAssetion.py   [DEBUG ] Depth: 1
2024-01-27 19:58:15 @SubjPropPathAssetion.py   [DEBUG ] assertion_path: mr:hasGeometry
2024-01-27 19:58:15 @SubjPropPathAssetion.py   [DEBUG ] Increasing the depth of the property path assertion
2024-01-27 19:58:15 @SubjPropPathAssetion.py   [DEBUG ] Harvesting the property path and backtracking to the previous depth
2024-01-27 19:58:15 @SubjPropPathAssetion.py   [DEBUG ] Asserting a property path for a given subject
2024-01-27 19:58:15 @SubjPropPathAssetion.py   [DEBUG ] Subject: http://marineregions.org/mrgid/12548
2024-01-27 19:58:15 @SubjPropPathAssetion.py   [DEBUG ] Asserting a property path for a given subject at a given depth
2024-01-27 19:58:15 @SubjPropPathAssetion.py   [DEBUG ] Depth: 0
2024-01-27 19:58:15 @SubjPropPathAssetion.py   [DEBUG ] assertion_path: 
2024-01-27 19:58:15 @SubjPropPathAssetion.py   [DEBUG ] Increasing the depth of the property path assertion
2024-01-27 19:58:15 @SubjPropPathAssetion.py   [DEBUG ] Asserting a property path for a given subject at a given depth
2024-01-27 19:58:15 @SubjPropPathAssetion.py   [DEBUG ] Depth: 1
2024-01-27 19:58:15 @SubjPropPathAssetion.py   [DEBUG ] assertion_path: mr:isPartOf
2024-01-27 19:58:15 @SubjPropPathAssetion.py   [DEBUG ] Increasing the depth of the property path assertion
2024-01-27 19:58:15 @SubjPropPathAssetion.py   [DEBUG ] Harvesting the property path and backtracking to the previous depth
2024-01-27 19:58:15 @SubjPropPathAssetion.py   [DEBUG ] Asserting a property path for a given subject
2024-01-27 19:58:15 @SubjPropPathAssetion.py   [DEBUG ] Subject: http://marineregions.org/mrgid/12548
2024-01-27 19:58:15 @SubjPropPathAssetion.py   [DEBUG ] Asserting a property path for a given subject at a given depth
2024-01-27 19:58:15 @SubjPropPathAssetion.py   [DEBUG ] Depth: 0
2024-01-27 19:58:15 @SubjPropPathAssetion.py   [DEBUG ] assertion_path: 
2024-01-27 19:58:15 @SubjPropPathAssetion.py   [DEBUG ] Increasing the depth of the property path assertion
2024-01-27 19:58:15 @SubjPropPathAssetion.py   [DEBUG ] Asserting a property path for a given subject at a given depth
2024-01-27 19:58:15 @SubjPropPathAssetion.py   [DEBUG ] Depth: 1
2024-01-27 19:58:15 @SubjPropPathAssetion.py   [DEBUG ] assertion_path: mr:isPartOf
2024-01-27 19:58:15 @SubjPropPathAssetion.py   [DEBUG ] Increasing the depth of the property path assertion
2024-01-27 19:58:15 @SubjPropPathAssetion.py   [DEBUG ] Asserting a property path for a given subject at a given depth
2024-01-27 19:58:15 @SubjPropPathAssetion.py   [DEBUG ] Depth: 2
2024-01-27 19:58:15 @SubjPropPathAssetion.py   [DEBUG ] assertion_path: mr:isPartOf/<https://schema.org/geo>
2024-01-27 19:58:15 @SubjPropPathAssetion.py   [DEBUG ] Increasing the depth of the property path assertion
2024-01-27 19:58:15 @SubjPropPathAssetion.py   [DEBUG ] Asserting a property path for a given subject at a given depth
2024-01-27 19:58:15 @SubjPropPathAssetion.py   [DEBUG ] Depth: 3
2024-01-27 19:58:15 @SubjPropPathAssetion.py   [DEBUG ] assertion_path: mr:isPartOf/<https://schema.org/geo>/<https://schema.org/latitude>
2024-01-27 19:58:15 @SubjPropPathAssetion.py   [DEBUG ] Increasing the depth of the property path assertion
2024-01-27 19:58:15 @SubjPropPathAssetion.py   [DEBUG ] Harvesting the property path and backtracking to the previous depth
2024-01-27 19:58:15 @TravHarvExecuter.py       [DEBUG ] Task: <TravHarvConfigBuilder.TravHarvTask object at 0x0000026E0DC8FF50>
2024-01-27 19:58:15 @TravHarvExecuter.py       [DEBUG ] Info task: {'subject_definition': <TravHarvConfigBuilder.SubjectDefinition object at 0x0000026E0DC8F4D0>, 'assert_path_set': <TravHarvConfigBuilder.AssertPathSet object at 0x0000026E0DC8F010>}
2024-01-27 19:58:15 @TravHarvExecuter.py       [DEBUG ] Defining subjects to assert paths for
2024-01-27 19:58:15 @TravHarvExecuter.py       [DEBUG ] SPARQLSubjectDefinition
2024-01-27 19:58:15 @TravHarvExecuter.py       [DEBUG ] SPARQL query: PREFIX mr: <http://marineregions.org/ns/ontology#> SELECT ?s WHERE {
  [] mr:isPartOf ?s .
  ?s a mr:GeoObject .
}

