2024-04-03 11:16:43 @trav_harv_config_builder.py [DEBUG ] TravHarvConfigBuilder initialized
2024-04-03 11:16:43 @service.py               [DEBUG ] running dereference tasks
2024-04-03 11:16:43 @service.py               [DEBUG ] running all configurations
2024-04-03 11:16:43 @trav_harv_config_builder.py [DEBUG ] Making TravHarvConfig from dict for bad_config.yml
2024-04-03 11:16:43 @service.py               [ERROR ] snooze-till-graph-age-minutes must be defined
2024-04-03 11:16:43 @service.py               [ERROR ] snooze-till-graph-age-minutes must be defined
Traceback (most recent call last):
  File "C:\Users\cedricd\Documents\GitHub\pyTravHarv\travharv\service.py", line 88, in process
    self.travharv_config_builder.build_from_folder()
  File "C:\Users\cedricd\Documents\GitHub\pyTravHarv\travharv\trav_harv_config_builder.py", line 290, in build_from_folder
    self._makeTravHarvConfigPartFromDict(dict_object, config_file)
  File "C:\Users\cedricd\Documents\GitHub\pyTravHarv\travharv\trav_harv_config_builder.py", line 340, in _makeTravHarvConfigPartFromDict
    assert (
AssertionError: snooze-till-graph-age-minutes must be defined
2024-04-03 11:16:43 @service.py               [ERROR ] Error running dereference tasks
2024-04-03 11:16:43 @trav_harv_config_builder.py [DEBUG ] TravHarvConfigBuilder initialized
2024-04-03 11:16:43 @trav_harv_config_builder.py [DEBUG ] Making TravHarvConfig from dict for base_test.yml
2024-04-03 11:16:43 @trav_harv_config_builder.py [DEBUG ] Checking if config base_test.yml is older then 0 minutes
2024-04-03 11:16:43 @trav_harv_config_builder.py [DEBUG ] uri:PYTRAVHARV:base_test.yml
2024-04-03 11:16:43 @trav_harv_config_builder.py [ERROR ] can't compare offset-naive and offset-aware datetimes
Traceback (most recent call last):
  File "C:\Users\cedricd\Documents\GitHub\pyTravHarv\travharv\trav_harv_config_builder.py", line 351, in _makeTravHarvConfigPartFromDict
    if not self._check_snooze(
           ^^^^^^^^^^^^^^^^^^^
  File "C:\Users\cedricd\Documents\GitHub\pyTravHarv\travharv\trav_harv_config_builder.py", line 403, in _check_snooze
    else self._rdf_store_access.lastmod_for_context(
         ^^^^^^^^^^^^^^^^^^^^^^^^^^^^^^^^^^^^^^^^^^^
TypeError: can't compare offset-naive and offset-aware datetimes
2024-04-03 11:16:43 @trav_harv_config_builder.py [WARNING] can't compare offset-naive and offset-aware datetimes
2024-04-03 11:16:43 @trav_harv_config_builder.py [DEBUG ] init SPARQL subjects
2024-04-03 11:16:43 @trav_harv_config_builder.py [DEBUG ] getting subjects
2024-04-03 11:16:43 @store.py                 [DEBUG ] length list_of_subjects: 0
2024-04-03 11:16:43 @trav_harv_config_builder.py [DEBUG ] []
2024-04-03 11:16:43 @trav_harv_config_builder.py [DEBUG ] init SPARQL subjects
2024-04-03 11:16:43 @trav_harv_config_builder.py [DEBUG ] getting subjects
2024-04-03 11:16:43 @store.py                 [DEBUG ] length list_of_subjects: 23
2024-04-03 11:16:43 @trav_harv_config_builder.py [DEBUG ] [rdflib.term.URIRef('http://marineregions.org/mrgid/27234'), rdflib.term.URIRef('http://marineregions.org/mrgid/2550'), rdflib.term.URIRef('http://marineregions.org/mrgid/24676'), rdflib.term.URIRef('http://marineregions.org/mrgid/27555'), rdflib.term.URIRef('http://marineregions.org/mrgid/28142'), rdflib.term.URIRef('http://marineregions.org/mrgid/27637'), rdflib.term.URIRef('http://marineregions.org/mrgid/19673'), rdflib.term.URIRef('http://marineregions.org/mrgid/3293'), rdflib.term.URIRef('http://marineregions.org/mrgid/26567'), rdflib.term.URIRef('http://marineregions.org/mrgid/28318'), rdflib.term.URIRef('http://marineregions.org/mrgid/28226'), rdflib.term.URIRef('http://marineregions.org/mrgid/27790'), rdflib.term.URIRef('http://marineregions.org/mrgid/17409'), rdflib.term.URIRef('http://marineregions.org/mrgid/28140'), rdflib.term.URIRef('http://marineregions.org/mrgid/14'), rdflib.term.URIRef('http://marineregions.org/mrgid/2420'), rdflib.term.URIRef('http://marineregions.org/mrgid/2421'), rdflib.term.URIRef('http://marineregions.org/mrgid/2350'), rdflib.term.URIRef('http://marineregions.org/mrgid/17401'), rdflib.term.URIRef('http://marineregions.org/mrgid/17666'), rdflib.term.URIRef('http://marineregions.org/mrgid/17865'), rdflib.term.URIRef('http://marineregions.org/mrgid/4675'), rdflib.term.URIRef('http://marineregions.org/mrgid/2419')]
2024-04-03 11:16:43 @trav_harv_config_builder.py [DEBUG ] TravHarvConfigBuilder initialized
2024-04-03 11:16:43 @trav_harv_config_builder.py [DEBUG ] Making TravHarvConfig from dict for bad_config.yml
2024-04-03 11:16:43 @trav_harv_config_builder.py [DEBUG ] ['http://www.w3.org/2000/01/rdf-schema#label', 'http://www.w3.org/2000/01/rdf-schema#comment']
2024-04-03 11:16:43 @trav_harv_config_builder.py [DEBUG ] init SPARQL subjects
2024-04-03 11:16:43 @trav_harv_config_builder.py [DEBUG ] getting subjects
2024-04-03 11:16:43 @store.py                 [DEBUG ] length list_of_subjects: 99
2024-04-03 11:16:43 @trav_harv_config_builder.py [DEBUG ] [rdflib.term.URIRef('http://marineregions.org/mrgid/3293'), rdflib.term.URIRef('http://marineregions.org/mrgid/4675'), rdflib.term.URIRef('http://marineregions.org/mrgid/27234'), rdflib.term.URIRef('http://marineregions.org/mrgid/3293'), rdflib.term.URIRef('http://marineregions.org/mrgid/2550'), rdflib.term.URIRef('http://marineregions.org/mrgid/19673'), rdflib.term.URIRef('http://marineregions.org/mrgid/24676'), rdflib.term.URIRef('http://marineregions.org/mrgid/3293'), rdflib.term.URIRef('http://marineregions.org/mrgid/2550'), rdflib.term.URIRef('http://marineregions.org/mrgid/27555'), rdflib.term.URIRef('http://marineregions.org/mrgid/27637'), rdflib.term.URIRef('http://marineregions.org/mrgid/28142'), rdflib.term.URIRef('http://marineregions.org/mrgid/2550'), rdflib.term.URIRef('http://marineregions.org/mrgid/2420'), rdflib.term.URIRef('http://marineregions.org/mrgid/3293'), rdflib.term.URIRef('http://marineregions.org/mrgid/2350'), rdflib.term.URIRef('http://marineregions.org/mrgid/3293'), rdflib.term.URIRef('http://marineregions.org/mrgid/14'), rdflib.term.URIRef('http://marineregions.org/mrgid/17865'), rdflib.term.URIRef('http://marineregions.org/mrgid/27637'), rdflib.term.URIRef('http://marineregions.org/mrgid/2419'), rdflib.term.URIRef('http://marineregions.org/mrgid/27555'), rdflib.term.URIRef('http://marineregions.org/mrgid/28142'), rdflib.term.URIRef('http://www.marineregions.org'), rdflib.term.URIRef('http://marineregions.org/mrgid/28318'), rdflib.term.URIRef('http://marineregions.org/mrgid/3293'), rdflib.term.URIRef('http://marineregions.org/mrgid/19673'), rdflib.term.URIRef('http://marineregions.org/mrgid/3293'), rdflib.term.URIRef('http://marineregions.org/mrgid/2350'), rdflib.term.URIRef('http://marineregions.org/mrgid/3293'), rdflib.term.URIRef('http://marineregions.org/mrgid/17401'), rdflib.term.URIRef('http://marineregions.org/mrgid/26567'), rdflib.term.URIRef('http://marineregions.org/mrgid/2420'), rdflib.term.URIRef('http://marineregions.org/mrgid/28318'), rdflib.term.URIRef('http://marineregions.org/mrgid/17666'), rdflib.term.URIRef('http://marineregions.org/mrgid/24676'), rdflib.term.URIRef('http://marineregions.org/mrgid/28226'), rdflib.term.URIRef('http://marineregions.org/mrgid/27637'), rdflib.term.URIRef('http://marineregions.org/mrgid/27790'), rdflib.term.URIRef('http://marineregions.org/mrgid/17865'), rdflib.term.URIRef('http://marineregions.org/mrgid/17409'), rdflib.term.URIRef('http://marineregions.org/mrgid/28140'), rdflib.term.URIRef('http://marineregions.org/mrgid/27234'), rdflib.term.URIRef('http://marineregions.org/mrgid/3293'), rdflib.term.URIRef('http://marineregions.org/mrgid/17409'), rdflib.term.URIRef('http://marineregions.org/mrgid/14'), rdflib.term.URIRef('http://marineregions.org/mrgid/4675'), rdflib.term.URIRef('http://marineregions.org/mrgid/3293'), rdflib.term.URIRef('http://marineregions.org/mrgid/2420'), rdflib.term.URIRef('http://marineregions.org/mrgid/28318'), rdflib.term.URIRef('http://marineregions.org/mrgid/14'), rdflib.term.URIRef('http://marineregions.org/mrgid/3293'), rdflib.term.URIRef('http://marineregions.org/mrgid/3293'), rdflib.term.URIRef('http://marineregions.org/mrgid/28140'), rdflib.term.URIRef('http://marineregions.org/mrgid/27790'), rdflib.term.URIRef('http://marineregions.org/mrgid/17666'), rdflib.term.URIRef('http://marineregions.org/mrgid/17409'), rdflib.term.URIRef('http://marineregions.org/mrgid/3293'), rdflib.term.URIRef('http://marineregions.org/mrgid/2421'), rdflib.term.URIRef('http://marineregions.org/mrgid/28140'), rdflib.term.URIRef('http://marineregions.org/mrgid/3293'), rdflib.term.URIRef('http://marineregions.org/mrgid/28226'), rdflib.term.URIRef('http://marineregions.org/mrgid/17401'), rdflib.term.URIRef('http://marineregions.org/mrgid/3293'), rdflib.term.URIRef('http://marineregions.org/mrgid/26567'), rdflib.term.URIRef('http://marineregions.org/mrgid/19673'), rdflib.term.URIRef('http://marineregions.org/mrgid/3293'), rdflib.term.URIRef('http://marineregions.org/mrgid/2350'), rdflib.term.URIRef('http://marineregions.org/mrgid/28142'), rdflib.term.URIRef('http://marineregions.org/mrgid/3293'), rdflib.term.URIRef('http://marineregions.org/mrgid/17401'), rdflib.term.URIRef('http://marineregions.org/mrgid/2421'), rdflib.term.URIRef('http://marineregions.org/mrgid/17666'), rdflib.term.URIRef('http://marineregions.org/mrgid/26567'), rdflib.term.URIRef('http://marineregions.org/mrgid/3293'), rdflib.term.URIRef('http://marineregions.org/mrgid/17865'), rdflib.term.URIRef('http://marineregions.org/mrgid/4675'), rdflib.term.URIRef('http://marineregions.org/mrgid/2419'), rdflib.term.URIRef('http://marineregions.org/mrgid/3293'), rdflib.term.URIRef('http://marineregions.org/mrgid/3293'), rdflib.term.URIRef('http://marineregions.org/mrgid/3293'), rdflib.term.URIRef('http://marineregions.org/mrgid/3293'), rdflib.term.URIRef('http://marineregions.org/mrgid/27790'), rdflib.term.URIRef('http://marineregions.org/mrgid/3293'), rdflib.term.URIRef('http://marineregions.org/mrgid/3293'), rdflib.term.URIRef('http://marineregions.org/mrgid/3293'), rdflib.term.URIRef('http://marineregions.org/mrgid/3293'), rdflib.term.URIRef('http://marineregions.org/mrgid/24676'), rdflib.term.URIRef('http://marineregions.org/mrgid/3293'), rdflib.term.URIRef('http://marineregions.org/mrgid/27555'), rdflib.term.URIRef('http://marineregions.org/mrgid/3293'), rdflib.term.URIRef('http://marineregions.org/mrgid/2419'), rdflib.term.URIRef('http://marineregions.org/mrgid/3293'), rdflib.term.URIRef('http://marineregions.org/mrgid/2421'), rdflib.term.URIRef('http://marineregions.org/mrgid/28226'), rdflib.term.URIRef('http://marineregions.org/mrgid/27234'), rdflib.term.URIRef('http://marineregions.org/mrgid/3293'), rdflib.term.URIRef('http://marineregions.org/mrgid/3293'), rdflib.term.URIRef('http://marineregions.org/mrgid/3293')]
2024-04-03 11:16:43 @trav_harv_config_builder.py [DEBUG ] TravHarvConfigBuilder initialized
2024-04-03 11:16:43 @trav_harv_config_builder.py [DEBUG ] Making TravHarvConfig from dict for base_test.yml
2024-04-03 11:16:43 @trav_harv_config_builder.py [DEBUG ] Checking if config base_test.yml is older then 0 minutes
2024-04-03 11:16:43 @trav_harv_config_builder.py [DEBUG ] uri:PYTRAVHARV:base_test.yml
2024-04-03 11:16:43 @trav_harv_config_builder.py [ERROR ] can't compare offset-naive and offset-aware datetimes
Traceback (most recent call last):
  File "C:\Users\cedricd\Documents\GitHub\pyTravHarv\travharv\trav_harv_config_builder.py", line 351, in _makeTravHarvConfigPartFromDict
    if not self._check_snooze(
           ^^^^^^^^^^^^^^^^^^^
  File "C:\Users\cedricd\Documents\GitHub\pyTravHarv\travharv\trav_harv_config_builder.py", line 403, in _check_snooze
    else self._rdf_store_access.lastmod_for_context(
         ^^^^^^^^^^^^^^^^^^^^^^^^^^^^^^^^^^^^^^^^^^^
TypeError: can't compare offset-naive and offset-aware datetimes
2024-04-03 11:16:43 @trav_harv_config_builder.py [WARNING] can't compare offset-naive and offset-aware datetimes
2024-04-03 11:16:43 @trav_harv_config_builder.py [DEBUG ] init SPARQL subjects
2024-04-03 11:16:43 @trav_harv_config_builder.py [DEBUG ] getting subjects
2024-04-03 11:16:43 @store.py                 [DEBUG ] length list_of_subjects: 0
2024-04-03 11:16:43 @trav_harv_config_builder.py [DEBUG ] []
2024-04-03 11:16:43 @trav_harv_config_builder.py [DEBUG ] init SPARQL subjects
2024-04-03 11:16:43 @trav_harv_config_builder.py [DEBUG ] getting subjects
2024-04-03 11:16:43 @store.py                 [DEBUG ] length list_of_subjects: 23
2024-04-03 11:16:43 @trav_harv_config_builder.py [DEBUG ] [rdflib.term.URIRef('http://marineregions.org/mrgid/27234'), rdflib.term.URIRef('http://marineregions.org/mrgid/2550'), rdflib.term.URIRef('http://marineregions.org/mrgid/24676'), rdflib.term.URIRef('http://marineregions.org/mrgid/27555'), rdflib.term.URIRef('http://marineregions.org/mrgid/28142'), rdflib.term.URIRef('http://marineregions.org/mrgid/27637'), rdflib.term.URIRef('http://marineregions.org/mrgid/19673'), rdflib.term.URIRef('http://marineregions.org/mrgid/3293'), rdflib.term.URIRef('http://marineregions.org/mrgid/26567'), rdflib.term.URIRef('http://marineregions.org/mrgid/28318'), rdflib.term.URIRef('http://marineregions.org/mrgid/28226'), rdflib.term.URIRef('http://marineregions.org/mrgid/27790'), rdflib.term.URIRef('http://marineregions.org/mrgid/17409'), rdflib.term.URIRef('http://marineregions.org/mrgid/28140'), rdflib.term.URIRef('http://marineregions.org/mrgid/14'), rdflib.term.URIRef('http://marineregions.org/mrgid/2420'), rdflib.term.URIRef('http://marineregions.org/mrgid/2421'), rdflib.term.URIRef('http://marineregions.org/mrgid/2350'), rdflib.term.URIRef('http://marineregions.org/mrgid/17401'), rdflib.term.URIRef('http://marineregions.org/mrgid/17666'), rdflib.term.URIRef('http://marineregions.org/mrgid/17865'), rdflib.term.URIRef('http://marineregions.org/mrgid/4675'), rdflib.term.URIRef('http://marineregions.org/mrgid/2419')]
2024-04-03 11:16:43 @trav_harv_config_builder.py [DEBUG ] TravHarvConfigBuilder initialized
2024-04-03 11:16:43 @trav_harv_config_builder.py [DEBUG ] Making TravHarvConfig from dict for base_test.yml
2024-04-03 11:16:43 @trav_harv_config_builder.py [DEBUG ] Checking if config base_test.yml is older then 0 minutes
2024-04-03 11:16:43 @trav_harv_config_builder.py [DEBUG ] uri:PYTRAVHARV:base_test.yml
2024-04-03 11:16:43 @trav_harv_config_builder.py [ERROR ] 'uri:PYTRAVHARV:base_test.yml'
Traceback (most recent call last):
  File "C:\Users\cedricd\Documents\GitHub\pyTravHarv\travharv\trav_harv_config_builder.py", line 351, in _makeTravHarvConfigPartFromDict
    if not self._check_snooze(
           ^^^^^^^^^^^^^^^^^^^
  File "C:\Users\cedricd\Documents\GitHub\pyTravHarv\travharv\trav_harv_config_builder.py", line 403, in _check_snooze
    else self._rdf_store_access.lastmod_for_context(
         ^^^^^^^^^^^^^^^^^^^^^^^^^^^^^^^^^^^^^^^^^^^
  File "C:\Users\cedricd\Documents\GitHub\pyTravHarv\travharv\store.py", line 53, in lastmod_for_context
    return self._target.lastmod_ts(context)
           ^^^^^^^^^^^^^^^^^^^^^^^^^^^^^^^^
  File "C:\Users\cedricd\AppData\Local\pypoetry\Cache\virtualenvs\pytravharv-kYObSkNR-py3.12\Lib\site-packages\pyrdfstore\store.py", line 278, in lastmod_ts
    return self._admin_registry[named_graph]
           ~~~~~~~~~~~~~~~~~~~~^^^^^^^^^^^^^
KeyError: 'uri:PYTRAVHARV:base_test.yml'
2024-04-03 11:16:43 @trav_harv_config_builder.py [WARNING] 'uri:PYTRAVHARV:base_test.yml'
2024-04-03 11:16:43 @trav_harv_config_builder.py [DEBUG ] init SPARQL subjects
2024-04-03 11:16:43 @trav_harv_config_builder.py [DEBUG ] getting subjects
2024-04-03 11:16:43 @store.py                 [DEBUG ] length list_of_subjects: 0
2024-04-03 11:16:43 @trav_harv_config_builder.py [DEBUG ] []
2024-04-03 11:16:43 @trav_harv_config_builder.py [DEBUG ] init SPARQL subjects
2024-04-03 11:16:43 @trav_harv_config_builder.py [DEBUG ] getting subjects
2024-04-03 11:16:43 @store.py                 [DEBUG ] length list_of_subjects: 0
2024-04-03 11:16:43 @trav_harv_config_builder.py [DEBUG ] []
2024-04-03 11:16:43 @trav_harv_config_builder.py [DEBUG ] Making TravHarvConfig from dict for marine_regions_test.yml
2024-04-03 11:16:43 @trav_harv_config_builder.py [DEBUG ] Checking if config marine_regions_test.yml is older then 0 minutes
2024-04-03 11:16:43 @trav_harv_config_builder.py [DEBUG ] uri:PYTRAVHARV:marine_regions_test.yml
2024-04-03 11:16:43 @trav_harv_config_builder.py [ERROR ] 'uri:PYTRAVHARV:marine_regions_test.yml'
Traceback (most recent call last):
  File "C:\Users\cedricd\Documents\GitHub\pyTravHarv\travharv\trav_harv_config_builder.py", line 351, in _makeTravHarvConfigPartFromDict
    if not self._check_snooze(
           ^^^^^^^^^^^^^^^^^^^
  File "C:\Users\cedricd\Documents\GitHub\pyTravHarv\travharv\trav_harv_config_builder.py", line 403, in _check_snooze
    else self._rdf_store_access.lastmod_for_context(
         ^^^^^^^^^^^^^^^^^^^^^^^^^^^^^^^^^^^^^^^^^^^
  File "C:\Users\cedricd\Documents\GitHub\pyTravHarv\travharv\store.py", line 53, in lastmod_for_context
    return self._target.lastmod_ts(context)
           ^^^^^^^^^^^^^^^^^^^^^^^^^^^^^^^^
  File "C:\Users\cedricd\AppData\Local\pypoetry\Cache\virtualenvs\pytravharv-kYObSkNR-py3.12\Lib\site-packages\pyrdfstore\store.py", line 278, in lastmod_ts
    return self._admin_registry[named_graph]
           ~~~~~~~~~~~~~~~~~~~~^^^^^^^^^^^^^
KeyError: 'uri:PYTRAVHARV:marine_regions_test.yml'
2024-04-03 11:16:43 @trav_harv_config_builder.py [WARNING] 'uri:PYTRAVHARV:marine_regions_test.yml'
2024-04-03 11:16:43 @trav_harv_config_builder.py [DEBUG ] init SPARQL subjects
2024-04-03 11:16:43 @trav_harv_config_builder.py [DEBUG ] getting subjects
2024-04-03 11:16:43 @store.py                 [DEBUG ] length list_of_subjects: 0
2024-04-03 11:16:43 @trav_harv_config_builder.py [DEBUG ] []
2024-04-03 11:16:43 @trav_harv_config_builder.py [DEBUG ] TravHarvConfigBuilder initialized
